{"level":"info","time":"2023-09-04T17:22:20+02:00","message":"Server is listening on port 1323"}
{"level":"warn","time":"2023-09-04T17:27:06+02:00","message":"Graceful shutdown initiated"}
{"level":"warn","time":"2023-09-04T17:27:06+02:00","message":"Server will shutdown in 5 seconds press ENTER to cancel"}
{"level":"info","time":"2023-09-04T17:27:06+02:00","message":"Shutdown cancelled by user"}
{"level":"info","time":"2023-09-04T17:27:12+02:00","message":"Server is listening on port 1323"}
{"level":"warn","time":"2023-09-04T17:30:20+02:00","message":"Graceful shutdown initiated"}
{"level":"warn","time":"2023-09-04T17:30:20+02:00","message":"Server will shutdown in 5 seconds press ENTER to cancel"}
{"level":"info","time":"2023-09-04T17:30:21+02:00","message":"Shutdown cancelled by user"}
{"level":"info","time":"2023-09-04T17:30:26+02:00","message":"Starting to list Docker containers..."}
{"level":"info","time":"2023-09-04T17:30:26+02:00","message":"Starting Docker client..."}
{"level":"info","time":"2023-09-04T17:30:26+02:00","message":"Starting Docker client..."}
,"time":"2023-09-04T17:30:26+02:00","message":"Listing Docker containers..."}
{"level":"info","time":"2023-09-04T17:30:26+02:00","message":"Finished listing Docker containers."}
{"level":"info","time":"2023-09-04T17:30:26+02:00","message":"Server is listening on port 1323"}
{"level":"warn","time":"2023-09-04T17:32:37+02:00","message":"Graceful shutdown initiated"}
{"level":"warn","time":"2023-09-04T17:32:37+02:00","message":"Server will shutdown in 5 seconds press ENTER to cancel"}
{"level":"info","time":"2023-09-04T17:32:42+02:00","message":"Server shutdown"}
{"level":"info","time":"2023-09-04T17:33:12+02:00","message":"Starting to list Docker containers..."}
{"level":"info","time":"2023-09-04T17:33:12+02:00","message":"Starting Docker client..."}
{"level":"info","time":"2023-09-04T17:33:12+02:00","message":"Starting Docker client..."}
,"time":"2023-09-04T17:33:12+02:00","message":"Listing Docker containers..."}
{"level":"info","time":"2023-09-04T17:33:12+02:00","message":"Finished listing Docker containers."}
{"level":"info","time":"2023-09-04T17:33:12+02:00","message":"Server is listening on port 1323"}
{"level":"warn","time":"2023-09-04T17:37:16+02:00","message":"Graceful shutdown initiated"}
{"level":"warn","time":"2023-09-04T17:37:16+02:00","message":"Server will shutdown in 5 seconds press ENTER to cancel"}
{"level":"info","time":"2023-09-04T17:37:21+02:00","message":"Server shutdown"}
{"level":"info","time":"2023-09-04T17:38:24+02:00","message":"Server is listening on port 1323"}
{"level":"warn","time":"2023-09-04T17:41:08+02:00","message":"Graceful shutdown initiated"}
{"level":"warn","time":"2023-09-04T17:41:08+02:00","message":"Server will shutdown in 5 seconds press ENTER to cancel"}
{"level":"info","time":"2023-09-04T17:41:08+02:00","message":"Shutdown cancelled by user"}
{"level":"info","time":"2023-09-04T17:41:18+02:00","message":"Server is listening on port 1323"}
{"level":"warn","time":"2023-09-04T17:41:48+02:00","message":"Graceful shutdown initiated"}
{"level":"warn","time":"2023-09-04T17:41:48+02:00","message":"Server will shutdown in 5 seconds press ENTER to cancel"}
{"level":"info","time":"2023-09-04T17:41:53+02:00","message":"Server shutdown"}
{"level":"info","time":"2023-09-04T17:41:57+02:00","message":"Server is listening on port 1323"}
{"level":"info","time":"2023-09-04T17:43:29+02:00","message":"Server is listening on port 1323"}
{"level":"info","time":"2023-09-04T17:44:23+02:00","message":"Server is listening on port 1323"}
{"level":"info","time":"2023-09-04T17:44:23+02:00","message":"Server is listening on port 1323"}
{"level":"fatal","error":"listen tcp :1323: bind: address already in use","time":"2023-09-04T17:44:23+02:00","message":"Failed to start the server"}
{"level":"info","time":"2023-09-04T17:45:14+02:00","message":"Server is listening on port 1323"}
{"level":"info","time":"2023-09-04T17:45:14+02:00","message":"Server is listening on port 1323"}
{"level":"fatal","error":"listen tcp :1323: bind: address already in use","time":"2023-09-04T17:45:14+02:00","message":"Failed to start the server"}
{"level":"info","time":"2023-09-04T17:46:57+02:00","message":"Server is listening on port 1323"}
{"level":"info","time":"2023-09-04T17:49:28+02:00","message":"Server is listening on port 1323"}
{"level":"info","time":"2023-09-04T17:49:28+02:00","message":"Server is listening on port 1323"}
{"level":"fatal","error":"listen tcp :1323: bind: address already in use","time":"2023-09-04T17:49:28+02:00","message":"Failed to start the server"}
{"level":"info","time":"2023-09-04T17:53:19+02:00","message":"Server is listening on port 1323"}
{"level":"info","time":"2023-09-04T17:53:34+02:00","message":"Server is listening on port 1323"}
{"level":"info","time":"2023-09-04T17:53:34+02:00","message":"Server is listening on port 1323"}
{"level":"fatal","error":"listen tcp :1323: bind: address already in use","time":"2023-09-04T17:53:34+02:00","message":"Failed to start the server"}
{"level":"info","time":"2023-09-04T17:54:26+02:00","message":"Server is listening on port 1323"}
{"level":"info","time":"2023-09-04T17:54:26+02:00","message":"Server is listening on port 1323"}
{"level":"fatal","error":"listen tcp :1323: bind: address already in use","time":"2023-09-04T17:54:26+02:00","message":"Failed to start the server"}
{"level":"info","time":"2023-09-04T18:07:59+02:00","message":"Server is listening on port 1323"}
{"level":"info","time":"2023-09-04T18:07:59+02:00","message":"Server is listening on port 1323"}
{"level":"fatal","error":"listen tcp :1323: bind: address already in use","time":"2023-09-04T18:07:59+02:00","message":"Failed to start the server"}
{"level":"info","time":"2023-09-04T18:15:34+02:00","message":"Server is listening on port 1323"}
{"level":"info","time":"2023-09-04T18:15:34+02:00","message":"Server is listening on port 1323"}
{"level":"fatal","error":"listen tcp :1323: bind: address already in use","time":"2023-09-04T18:15:34+02:00","message":"Failed to start the server"}
{"level":"info","time":"2023-09-04T18:35:05+02:00","message":"Server is listening on port 1323"}
{"level":"info","time":"2023-09-04T18:35:11+02:00","message":"Server is listening on port 1323"}
{"level":"info","time":"2023-09-04T18:35:11+02:00","message":"Server is listening on port 1323"}
{"level":"fatal","error":"listen tcp :1323: bind: address already in use","time":"2023-09-04T18:35:11+02:00","message":"Failed to start the server"}
{"level":"info","time":"2023-09-04T18:35:50+02:00","message":"Server is listening on port 1323"}
{"level":"info","time":"2023-09-04T18:35:50+02:00","message":"Server is listening on port 1323"}
{"level":"fatal","error":"listen tcp :1323: bind: address already in use","time":"2023-09-04T18:35:50+02:00","message":"Failed to start the server"}
{"level":"info","time":"2023-09-04T18:36:13+02:00","message":"Server is listening on port 1323"}
{"level":"info","time":"2023-09-04T18:36:13+02:00","message":"Server is listening on port 1323"}
{"level":"fatal","error":"listen tcp :1323: bind: address already in use","time":"2023-09-04T18:36:13+02:00","message":"Failed to start the server"}
{"level":"info","time":"2023-09-04T21:21:23+02:00","message":"Server is listening on port 1323"}
{"level":"info","time":"2023-09-04T21:23:19+02:00","message":"Server is listening on port 1323"}
{"level":"info","time":"2023-09-04T21:23:38+02:00","message":"Server is listening on port 1323"}
{"level":"info","time":"2023-09-04T21:30:52+02:00","message":"Server is listening on port 1323"}
